<?xml version="1.0" encoding="utf-8"?><testsuites name="pytest tests"><testsuite name="pytest" errors="0" failures="0" skipped="0" tests="22" time="32.000" timestamp="2026-01-24T06:33:07.232790+00:00" hostname="agent-env-118baf4b-7f46-41a2-8147-1981c8699d84"><testcase classname="tests.test_api.TestHealthAndProducts" name="test_get_all_products" time="0.881" /><testcase classname="tests.test_api.TestHealthAndProducts" name="test_get_trending_products" time="0.861" /><testcase classname="tests.test_api.TestHealthAndProducts" name="test_get_products_by_category" time="0.848" /><testcase classname="tests.test_api.TestHealthAndProducts" name="test_get_single_product" time="1.500" /><testcase classname="tests.test_api.TestHealthAndProducts" name="test_get_nonexistent_product" time="0.823" /><testcase classname="tests.test_api.TestHealthAndProducts" name="test_get_categories" time="0.644" /><testcase classname="tests.test_api.TestCustomerAuth" name="test_customer_registration" time="1.089" /><testcase classname="tests.test_api.TestCustomerAuth" name="test_customer_registration_duplicate_email" time="0.846" /><testcase classname="tests.test_api.TestCustomerAuth" name="test_customer_login_success" time="1.084" /><testcase classname="tests.test_api.TestCustomerAuth" name="test_customer_login_invalid_credentials" time="0.633" /><testcase classname="tests.test_api.TestAdminAuth" name="test_admin_login_success" time="0.862" /><testcase classname="tests.test_api.TestAdminAuth" name="test_admin_login_invalid_credentials" time="0.844" /><testcase classname="tests.test_api.TestCartOperations" name="test_get_empty_cart" time="1.924" /><testcase classname="tests.test_api.TestCartOperations" name="test_add_to_cart" time="2.708" /><testcase classname="tests.test_api.TestCartOperations" name="test_cart_unauthorized" time="0.632" /><testcase classname="tests.test_api.TestCartOperations" name="test_remove_from_cart" time="2.562" /><testcase classname="tests.test_api.TestAdminOperations" name="test_get_all_customers" time="1.706" /><testcase classname="tests.test_api.TestAdminOperations" name="test_get_all_orders" time="1.735" /><testcase classname="tests.test_api.TestAdminOperations" name="test_admin_endpoints_unauthorized" time="0.636" /><testcase classname="tests.test_api.TestAdminOperations" name="test_update_inventory" time="4.211" /><testcase classname="tests.test_api.TestOrderFlow" name="test_place_order_empty_cart" time="2.396" /><testcase classname="tests.test_api.TestOrderFlow" name="test_get_customer_orders" time="2.469" /></testsuite></testsuites>